<?xml version="1.0" encoding="UTF-8"?>
<testng-results ignored="0" total="1" passed="1" failed="0" skipped="0">
  <reporter-output>
  </reporter-output>
  <suite started-at="2022-09-15T10:56:36 IST" name="Default suite" finished-at="2022-09-15T10:56:51 IST" duration-ms="14950">
    <groups>
    </groups>
    <test started-at="2022-09-15T10:56:36 IST" name="Default test" finished-at="2022-09-15T10:56:51 IST" duration-ms="14950">
      <class name="testpackage.TestClass">
        <test-method is-config="true" signature="chromelaunch()[pri:0, instance:testpackage.TestClass@37883b97]" started-at="2022-09-15T10:56:36 IST" name="chromelaunch" finished-at="2022-09-15T10:56:46 IST" duration-ms="9914" status="PASS">
          <reporter-output>
          </reporter-output>
        </test-method> <!-- chromelaunch -->
        <test-method signature="homepage_keysenter(java.lang.String,java.lang.String)[pri:1, instance:testpackage.TestClass@37883b97]" started-at="2022-09-15T10:56:47 IST" name="homepage_keysenter" description="TestCheck" data-provider="sampledata" finished-at="2022-09-15T10:56:47 IST" duration-ms="794" status="PASS">
          <params>
            <param index="0">
              <value>
                <![CDATA[saran]]>
              </value>
            </param>
            <param index="1">
              <value>
                <![CDATA[saran@123]]>
              </value>
            </param>
          </params>
          <reporter-output>
          </reporter-output>
        </test-method> <!-- homepage_keysenter -->
        <test-method is-config="true" signature="getResult(org.testng.ITestResult)[pri:0, instance:testpackage.TestClass@37883b97]" started-at="2022-09-15T10:56:47 IST" name="getResult" finished-at="2022-09-15T10:56:48 IST" duration-ms="294" status="PASS">
          <params>
            <param index="0">
              <value>
                <![CDATA[[TestResult name=homepage_keysenter status=SUCCESS method=TestClass.homepage_keysenter(java.lang.String,java.lang.String)[pri:1, instance:testpackage.TestClass@37883b97] output={null}]]]>
              </value>
            </param>
          </params>
          <reporter-output>
          </reporter-output>
        </test-method> <!-- getResult -->
        <test-method is-config="true" signature="driverclose()[pri:0, instance:testpackage.TestClass@37883b97]" started-at="2022-09-15T10:56:48 IST" name="driverclose" finished-at="2022-09-15T10:56:51 IST" duration-ms="3070" status="PASS">
          <reporter-output>
          </reporter-output>
        </test-method> <!-- driverclose -->
      </class> <!-- testpackage.TestClass -->
    </test> <!-- Default test -->
  </suite> <!-- Default suite -->
</testng-results>
